{"C:\\Users\\rmath\\Desktop\\The-Chaos-Interactive\\src\\App.tsx": {"path":"C:\\Users\\rmath\\Desktop\\The-Chaos-Interactive\\src\\App.tsx","all":false,"statementMap":{"0":{"start":{"line":1,"column":0},"end":{"line":1,"column":52}},"1":{"start":{"line":2,"column":0},"end":{"line":2,"column":44}},"3":{"start":{"line":4,"column":0},"end":{"line":4,"column":36}},"4":{"start":{"line":5,"column":0},"end":{"line":5,"column":41}},"5":{"start":{"line":6,"column":0},"end":{"line":6,"column":41}},"6":{"start":{"line":7,"column":0},"end":{"line":7,"column":41}},"7":{"start":{"line":8,"column":0},"end":{"line":8,"column":59}},"8":{"start":{"line":9,"column":0},"end":{"line":9,"column":61}},"9":{"start":{"line":10,"column":0},"end":{"line":10,"column":28}},"10":{"start":{"line":11,"column":0},"end":{"line":11,"column":46}},"12":{"start":{"line":13,"column":0},"end":{"line":13,"column":16}},"13":{"start":{"line":14,"column":0},"end":{"line":14,"column":70}},"14":{"start":{"line":15,"column":0},"end":{"line":15,"column":56}},"16":{"start":{"line":17,"column":0},"end":{"line":17,"column":19}},"17":{"start":{"line":18,"column":0},"end":{"line":18,"column":39}},"18":{"start":{"line":19,"column":0},"end":{"line":19,"column":11}},"19":{"start":{"line":20,"column":0},"end":{"line":20,"column":52}},"20":{"start":{"line":21,"column":0},"end":{"line":21,"column":61}},"21":{"start":{"line":22,"column":0},"end":{"line":22,"column":26}},"22":{"start":{"line":23,"column":0},"end":{"line":23,"column":23}},"23":{"start":{"line":24,"column":0},"end":{"line":24,"column":57}},"24":{"start":{"line":25,"column":0},"end":{"line":25,"column":17}},"25":{"start":{"line":26,"column":0},"end":{"line":26,"column":26}},"26":{"start":{"line":27,"column":0},"end":{"line":27,"column":7}},"27":{"start":{"line":28,"column":0},"end":{"line":28,"column":6}},"29":{"start":{"line":30,"column":0},"end":{"line":30,"column":25}},"30":{"start":{"line":31,"column":0},"end":{"line":31,"column":9}},"32":{"start":{"line":33,"column":0},"end":{"line":33,"column":10}},"33":{"start":{"line":34,"column":0},"end":{"line":34,"column":33}},"34":{"start":{"line":35,"column":0},"end":{"line":35,"column":21}},"35":{"start":{"line":36,"column":0},"end":{"line":36,"column":16}},"36":{"start":{"line":37,"column":0},"end":{"line":37,"column":10}},"37":{"start":{"line":38,"column":0},"end":{"line":38,"column":13}},"38":{"start":{"line":39,"column":0},"end":{"line":39,"column":26}},"39":{"start":{"line":40,"column":0},"end":{"line":40,"column":34}},"40":{"start":{"line":41,"column":0},"end":{"line":41,"column":31}},"41":{"start":{"line":42,"column":0},"end":{"line":42,"column":22}},"42":{"start":{"line":43,"column":0},"end":{"line":43,"column":26}},"43":{"start":{"line":44,"column":0},"end":{"line":44,"column":10}},"45":{"start":{"line":46,"column":0},"end":{"line":46,"column":12}},"46":{"start":{"line":47,"column":0},"end":{"line":47,"column":15}},"47":{"start":{"line":48,"column":0},"end":{"line":48,"column":50}},"48":{"start":{"line":49,"column":0},"end":{"line":49,"column":47}},"49":{"start":{"line":50,"column":0},"end":{"line":50,"column":68}},"50":{"start":{"line":51,"column":0},"end":{"line":51,"column":12}},"52":{"start":{"line":53,"column":0},"end":{"line":53,"column":29}},"53":{"start":{"line":54,"column":0},"end":{"line":54,"column":14}},"54":{"start":{"line":55,"column":0},"end":{"line":55,"column":12}},"55":{"start":{"line":56,"column":0},"end":{"line":56,"column":15}},"56":{"start":{"line":57,"column":0},"end":{"line":57,"column":30}},"57":{"start":{"line":58,"column":0},"end":{"line":58,"column":30}},"58":{"start":{"line":59,"column":0},"end":{"line":59,"column":35}},"59":{"start":{"line":60,"column":0},"end":{"line":60,"column":38}},"60":{"start":{"line":61,"column":0},"end":{"line":61,"column":24}},"61":{"start":{"line":62,"column":0},"end":{"line":62,"column":27}},"62":{"start":{"line":63,"column":0},"end":{"line":63,"column":12}},"64":{"start":{"line":65,"column":0},"end":{"line":65,"column":20}},"65":{"start":{"line":66,"column":0},"end":{"line":66,"column":14}},"66":{"start":{"line":67,"column":0},"end":{"line":67,"column":64}},"67":{"start":{"line":68,"column":0},"end":{"line":68,"column":54}},"68":{"start":{"line":69,"column":0},"end":{"line":69,"column":37}},"69":{"start":{"line":70,"column":0},"end":{"line":70,"column":48}},"70":{"start":{"line":71,"column":0},"end":{"line":71,"column":59}},"71":{"start":{"line":72,"column":0},"end":{"line":72,"column":16}},"73":{"start":{"line":74,"column":0},"end":{"line":74,"column":34}},"75":{"start":{"line":76,"column":0},"end":{"line":76,"column":16}},"76":{"start":{"line":77,"column":0},"end":{"line":77,"column":14}},"77":{"start":{"line":78,"column":0},"end":{"line":78,"column":12}},"78":{"start":{"line":79,"column":0},"end":{"line":79,"column":20}},"80":{"start":{"line":81,"column":0},"end":{"line":81,"column":1}},"82":{"start":{"line":83,"column":0},"end":{"line":83,"column":19}}},"s":{"0":1,"1":1,"3":1,"4":1,"5":1,"6":1,"7":1,"8":1,"9":1,"10":1,"12":6,"13":6,"14":6,"16":6,"17":4,"18":4,"19":4,"20":3,"21":3,"22":4,"23":1,"24":4,"25":4,"26":4,"27":4,"29":4,"30":6,"32":6,"33":6,"34":6,"35":6,"36":6,"37":6,"38":6,"39":6,"40":6,"41":6,"42":6,"43":6,"45":6,"46":6,"47":6,"48":6,"49":6,"50":6,"52":6,"53":6,"54":6,"55":6,"56":6,"57":6,"58":6,"59":6,"60":6,"61":6,"62":6,"64":6,"65":6,"66":6,"67":6,"68":6,"69":1,"70":2,"71":1,"73":5,"75":6,"76":6,"77":6,"78":6,"80":6,"82":1},"branchMap":{"0":{"type":"branch","line":13,"loc":{"start":{"line":13,"column":0},"end":{"line":81,"column":1}},"locations":[{"start":{"line":13,"column":0},"end":{"line":81,"column":1}}]},"1":{"type":"branch","line":69,"loc":{"start":{"line":69,"column":14},"end":{"line":69,"column":37}},"locations":[{"start":{"line":69,"column":14},"end":{"line":69,"column":37}}]},"2":{"type":"branch","line":69,"loc":{"start":{"line":69,"column":25},"end":{"line":72,"column":16}},"locations":[{"start":{"line":69,"column":25},"end":{"line":72,"column":16}}]},"3":{"type":"branch","line":72,"loc":{"start":{"line":72,"column":15},"end":{"line":74,"column":34}},"locations":[{"start":{"line":72,"column":15},"end":{"line":74,"column":34}}]},"4":{"type":"branch","line":17,"loc":{"start":{"line":17,"column":12},"end":{"line":31,"column":5}},"locations":[{"start":{"line":17,"column":12},"end":{"line":31,"column":5}}]},"5":{"type":"branch","line":18,"loc":{"start":{"line":18,"column":26},"end":{"line":28,"column":6}},"locations":[{"start":{"line":18,"column":26},"end":{"line":28,"column":6}}]},"6":{"type":"branch","line":20,"loc":{"start":{"line":20,"column":50},"end":{"line":23,"column":15}},"locations":[{"start":{"line":20,"column":50},"end":{"line":23,"column":15}}]},"7":{"type":"branch","line":23,"loc":{"start":{"line":23,"column":6},"end":{"line":25,"column":8}},"locations":[{"start":{"line":23,"column":6},"end":{"line":25,"column":8}}]},"8":{"type":"branch","line":70,"loc":{"start":{"line":70,"column":28},"end":{"line":71,"column":59}},"locations":[{"start":{"line":70,"column":28},"end":{"line":71,"column":59}}]}},"b":{"0":[6],"1":[2],"2":[1],"3":[5],"4":[4],"5":[4],"6":[3],"7":[1],"8":[2]},"fnMap":{"0":{"name":"App","decl":{"start":{"line":13,"column":0},"end":{"line":81,"column":1}},"loc":{"start":{"line":13,"column":0},"end":{"line":81,"column":1}},"line":13},"1":{"name":"fetchPoemData","decl":{"start":{"line":18,"column":26},"end":{"line":28,"column":6}},"loc":{"start":{"line":18,"column":26},"end":{"line":28,"column":6}},"line":18}},"f":{"0":6,"1":4}}
,"C:\\Users\\rmath\\Desktop\\The-Chaos-Interactive\\src\\theme.ts": {"path":"C:\\Users\\rmath\\Desktop\\The-Chaos-Interactive\\src\\theme.ts","all":false,"statementMap":{"0":{"start":{"line":1,"column":0},"end":{"line":1,"column":44}},"2":{"start":{"line":3,"column":0},"end":{"line":3,"column":27}},"3":{"start":{"line":4,"column":0},"end":{"line":4,"column":17}},"4":{"start":{"line":5,"column":0},"end":{"line":5,"column":15}},"5":{"start":{"line":6,"column":0},"end":{"line":6,"column":4}},"6":{"start":{"line":7,"column":0},"end":{"line":7,"column":12}},"7":{"start":{"line":8,"column":0},"end":{"line":8,"column":14}},"8":{"start":{"line":9,"column":0},"end":{"line":9,"column":22}},"9":{"start":{"line":10,"column":0},"end":{"line":10,"column":6}},"10":{"start":{"line":11,"column":0},"end":{"line":11,"column":17}},"11":{"start":{"line":12,"column":0},"end":{"line":12,"column":25}},"12":{"start":{"line":13,"column":0},"end":{"line":13,"column":6}},"13":{"start":{"line":14,"column":0},"end":{"line":14,"column":4}},"14":{"start":{"line":15,"column":0},"end":{"line":15,"column":16}},"15":{"start":{"line":16,"column":0},"end":{"line":16,"column":13}},"16":{"start":{"line":17,"column":0},"end":{"line":17,"column":12}},"17":{"start":{"line":18,"column":0},"end":{"line":18,"column":14}},"18":{"start":{"line":19,"column":0},"end":{"line":19,"column":14}},"19":{"start":{"line":20,"column":0},"end":{"line":20,"column":15}},"20":{"start":{"line":21,"column":0},"end":{"line":21,"column":15}},"21":{"start":{"line":22,"column":0},"end":{"line":22,"column":6}},"22":{"start":{"line":23,"column":0},"end":{"line":23,"column":4}},"23":{"start":{"line":24,"column":0},"end":{"line":24,"column":15}},"24":{"start":{"line":25,"column":0},"end":{"line":25,"column":21}},"25":{"start":{"line":26,"column":0},"end":{"line":26,"column":23}},"26":{"start":{"line":27,"column":0},"end":{"line":27,"column":33}},"27":{"start":{"line":28,"column":0},"end":{"line":28,"column":8}},"28":{"start":{"line":29,"column":0},"end":{"line":29,"column":6}},"29":{"start":{"line":30,"column":0},"end":{"line":30,"column":4}},"30":{"start":{"line":31,"column":0},"end":{"line":31,"column":3}},"32":{"start":{"line":33,"column":0},"end":{"line":33,"column":21}}},"s":{"0":1,"2":1,"3":1,"4":1,"5":1,"6":1,"7":1,"8":1,"9":1,"10":1,"11":1,"12":1,"13":1,"14":1,"15":1,"16":1,"17":1,"18":1,"19":1,"20":1,"21":1,"22":1,"23":1,"24":1,"25":1,"26":1,"27":1,"28":1,"29":1,"30":1,"32":1},"branchMap":{},"b":{},"fnMap":{},"f":{}}
,"C:\\Users\\rmath\\Desktop\\The-Chaos-Interactive\\src\\components\\ApplicationInfo.tsx": {"path":"C:\\Users\\rmath\\Desktop\\The-Chaos-Interactive\\src\\components\\ApplicationInfo.tsx","all":false,"statementMap":{"0":{"start":{"line":1,"column":0},"end":{"line":1,"column":77}},"2":{"start":{"line":3,"column":0},"end":{"line":3,"column":31}},"3":{"start":{"line":4,"column":0},"end":{"line":4,"column":10}},"4":{"start":{"line":5,"column":0},"end":{"line":5,"column":10}},"5":{"start":{"line":6,"column":0},"end":{"line":6,"column":19}},"6":{"start":{"line":7,"column":0},"end":{"line":7,"column":52}},"7":{"start":{"line":8,"column":0},"end":{"line":8,"column":36}},"9":{"start":{"line":10,"column":0},"end":{"line":10,"column":38}},"10":{"start":{"line":11,"column":0},"end":{"line":11,"column":43}},"11":{"start":{"line":12,"column":0},"end":{"line":12,"column":68}},"13":{"start":{"line":14,"column":0},"end":{"line":14,"column":23}},"14":{"start":{"line":15,"column":0},"end":{"line":15,"column":39}},"15":{"start":{"line":16,"column":0},"end":{"line":16,"column":17}},"18":{"start":{"line":19,"column":0},"end":{"line":19,"column":42}},"19":{"start":{"line":20,"column":0},"end":{"line":20,"column":17}},"20":{"start":{"line":21,"column":0},"end":{"line":21,"column":57}},"21":{"start":{"line":22,"column":0},"end":{"line":22,"column":29}},"22":{"start":{"line":23,"column":0},"end":{"line":23,"column":39}},"23":{"start":{"line":24,"column":0},"end":{"line":24,"column":13}},"25":{"start":{"line":26,"column":0},"end":{"line":26,"column":19}},"27":{"start":{"line":28,"column":0},"end":{"line":28,"column":23}},"28":{"start":{"line":29,"column":0},"end":{"line":29,"column":14}},"29":{"start":{"line":30,"column":0},"end":{"line":30,"column":50}},"33":{"start":{"line":34,"column":0},"end":{"line":34,"column":21}},"34":{"start":{"line":35,"column":0},"end":{"line":35,"column":12}},"36":{"start":{"line":37,"column":0},"end":{"line":37,"column":31}},"37":{"start":{"line":38,"column":0},"end":{"line":38,"column":77}},"38":{"start":{"line":39,"column":0},"end":{"line":39,"column":51}},"39":{"start":{"line":40,"column":0},"end":{"line":40,"column":57}},"40":{"start":{"line":41,"column":0},"end":{"line":41,"column":24}},"43":{"start":{"line":44,"column":0},"end":{"line":44,"column":25}},"44":{"start":{"line":45,"column":0},"end":{"line":45,"column":21}},"45":{"start":{"line":46,"column":0},"end":{"line":46,"column":57}},"46":{"start":{"line":47,"column":0},"end":{"line":47,"column":24}},"50":{"start":{"line":51,"column":0},"end":{"line":51,"column":32}},"51":{"start":{"line":52,"column":0},"end":{"line":52,"column":72}},"53":{"start":{"line":54,"column":0},"end":{"line":54,"column":32}},"54":{"start":{"line":55,"column":0},"end":{"line":55,"column":32}},"55":{"start":{"line":56,"column":0},"end":{"line":56,"column":72}},"57":{"start":{"line":58,"column":0},"end":{"line":58,"column":27}},"59":{"start":{"line":60,"column":0},"end":{"line":60,"column":25}},"60":{"start":{"line":61,"column":0},"end":{"line":61,"column":21}},"61":{"start":{"line":62,"column":0},"end":{"line":62,"column":57}},"62":{"start":{"line":63,"column":0},"end":{"line":63,"column":24}},"68":{"start":{"line":69,"column":0},"end":{"line":69,"column":25}},"69":{"start":{"line":70,"column":0},"end":{"line":70,"column":21}},"70":{"start":{"line":71,"column":0},"end":{"line":71,"column":57}},"71":{"start":{"line":72,"column":0},"end":{"line":72,"column":24}},"77":{"start":{"line":78,"column":0},"end":{"line":78,"column":25}},"78":{"start":{"line":79,"column":0},"end":{"line":79,"column":21}},"79":{"start":{"line":80,"column":0},"end":{"line":80,"column":57}},"80":{"start":{"line":81,"column":0},"end":{"line":81,"column":24}},"85":{"start":{"line":86,"column":0},"end":{"line":86,"column":25}},"86":{"start":{"line":87,"column":0},"end":{"line":87,"column":21}},"87":{"start":{"line":88,"column":0},"end":{"line":88,"column":15}},"88":{"start":{"line":89,"column":0},"end":{"line":89,"column":12}},"89":{"start":{"line":90,"column":0},"end":{"line":90,"column":12}},"91":{"start":{"line":92,"column":0},"end":{"line":92,"column":2}},"93":{"start":{"line":94,"column":0},"end":{"line":94,"column":31}}},"s":{"0":1,"2":1,"3":4,"4":4,"5":4,"6":4,"7":4,"9":4,"10":4,"11":4,"13":4,"14":4,"15":4,"18":4,"19":4,"20":4,"21":4,"22":4,"23":4,"25":4,"27":4,"28":4,"29":4,"33":4,"34":4,"36":4,"37":4,"38":4,"39":4,"40":4,"43":4,"44":4,"45":4,"46":4,"50":4,"51":4,"53":4,"54":4,"55":4,"57":4,"59":4,"60":4,"61":4,"62":4,"68":4,"69":4,"70":4,"71":4,"77":4,"78":4,"79":4,"80":4,"85":4,"86":4,"87":4,"88":4,"89":4,"91":4,"93":1},"branchMap":{"0":{"type":"branch","line":3,"loc":{"start":{"line":3,"column":24},"end":{"line":92,"column":2}},"locations":[{"start":{"line":3,"column":24},"end":{"line":92,"column":2}}]}},"b":{"0":[4]},"fnMap":{"0":{"name":"ApplicationInfo","decl":{"start":{"line":3,"column":24},"end":{"line":92,"column":2}},"loc":{"start":{"line":3,"column":24},"end":{"line":92,"column":2}},"line":3}},"f":{"0":4}}
,"C:\\Users\\rmath\\Desktop\\The-Chaos-Interactive\\src\\components\\Inputs.tsx": {"path":"C:\\Users\\rmath\\Desktop\\The-Chaos-Interactive\\src\\components\\Inputs.tsx","all":false,"statementMap":{"0":{"start":{"line":1,"column":0},"end":{"line":1,"column":8}},"11":{"start":{"line":12,"column":0},"end":{"line":12,"column":40}},"13":{"start":{"line":14,"column":0},"end":{"line":14,"column":22}},"14":{"start":{"line":15,"column":0},"end":{"line":15,"column":45}},"16":{"start":{"line":17,"column":0},"end":{"line":17,"column":14}},"17":{"start":{"line":18,"column":0},"end":{"line":18,"column":16}},"18":{"start":{"line":19,"column":0},"end":{"line":19,"column":3}},"19":{"start":{"line":20,"column":0},"end":{"line":20,"column":10}},"20":{"start":{"line":21,"column":0},"end":{"line":21,"column":10}},"21":{"start":{"line":22,"column":0},"end":{"line":22,"column":51}},"22":{"start":{"line":23,"column":0},"end":{"line":23,"column":36}},"24":{"start":{"line":25,"column":0},"end":{"line":25,"column":25}},"25":{"start":{"line":26,"column":0},"end":{"line":26,"column":31}},"26":{"start":{"line":27,"column":0},"end":{"line":27,"column":15}},"27":{"start":{"line":28,"column":0},"end":{"line":28,"column":22}},"28":{"start":{"line":29,"column":0},"end":{"line":29,"column":31}},"29":{"start":{"line":30,"column":0},"end":{"line":30,"column":19}},"30":{"start":{"line":31,"column":0},"end":{"line":31,"column":34}},"31":{"start":{"line":32,"column":0},"end":{"line":32,"column":40}},"32":{"start":{"line":33,"column":0},"end":{"line":33,"column":18}},"33":{"start":{"line":34,"column":0},"end":{"line":34,"column":16}},"34":{"start":{"line":35,"column":0},"end":{"line":35,"column":13}},"36":{"start":{"line":37,"column":0},"end":{"line":37,"column":24}},"37":{"start":{"line":38,"column":0},"end":{"line":38,"column":23}},"38":{"start":{"line":39,"column":0},"end":{"line":39,"column":44}},"39":{"start":{"line":40,"column":0},"end":{"line":40,"column":17}},"40":{"start":{"line":41,"column":0},"end":{"line":41,"column":26}},"41":{"start":{"line":42,"column":0},"end":{"line":42,"column":34}},"42":{"start":{"line":43,"column":0},"end":{"line":43,"column":74}},"45":{"start":{"line":46,"column":0},"end":{"line":46,"column":31}},"46":{"start":{"line":47,"column":0},"end":{"line":47,"column":30}},"47":{"start":{"line":48,"column":0},"end":{"line":48,"column":35}},"48":{"start":{"line":49,"column":0},"end":{"line":49,"column":30}},"49":{"start":{"line":50,"column":0},"end":{"line":50,"column":16}},"50":{"start":{"line":51,"column":0},"end":{"line":51,"column":31}},"51":{"start":{"line":52,"column":0},"end":{"line":52,"column":29}},"52":{"start":{"line":53,"column":0},"end":{"line":53,"column":35}},"53":{"start":{"line":54,"column":0},"end":{"line":54,"column":29}},"54":{"start":{"line":55,"column":0},"end":{"line":55,"column":16}},"55":{"start":{"line":56,"column":0},"end":{"line":56,"column":80}},"56":{"start":{"line":57,"column":0},"end":{"line":57,"column":25}},"57":{"start":{"line":58,"column":0},"end":{"line":58,"column":16}},"58":{"start":{"line":59,"column":0},"end":{"line":59,"column":22}},"59":{"start":{"line":60,"column":0},"end":{"line":60,"column":23}},"60":{"start":{"line":61,"column":0},"end":{"line":61,"column":14}},"61":{"start":{"line":62,"column":0},"end":{"line":62,"column":12}},"63":{"start":{"line":64,"column":0},"end":{"line":64,"column":2}},"65":{"start":{"line":66,"column":0},"end":{"line":66,"column":22}}},"s":{"0":1,"11":1,"13":1,"14":10,"16":10,"17":4,"18":4,"19":6,"20":6,"21":6,"22":6,"24":6,"25":6,"26":6,"27":6,"28":6,"29":6,"30":6,"31":6,"32":6,"33":6,"34":6,"36":6,"37":6,"38":6,"39":6,"40":6,"41":6,"42":2,"45":6,"46":6,"47":6,"48":6,"49":6,"50":6,"51":6,"52":6,"53":6,"54":6,"55":6,"56":6,"57":6,"58":6,"59":6,"60":6,"61":6,"63":6,"65":1},"branchMap":{"0":{"type":"branch","line":14,"loc":{"start":{"line":14,"column":15},"end":{"line":64,"column":2}},"locations":[{"start":{"line":14,"column":15},"end":{"line":64,"column":2}}]},"1":{"type":"branch","line":17,"loc":{"start":{"line":17,"column":13},"end":{"line":19,"column":3}},"locations":[{"start":{"line":17,"column":13},"end":{"line":19,"column":3}}]},"2":{"type":"branch","line":19,"loc":{"start":{"line":19,"column":2},"end":{"line":64,"column":2}},"locations":[{"start":{"line":19,"column":2},"end":{"line":64,"column":2}}]},"3":{"type":"branch","line":42,"loc":{"start":{"line":42,"column":24},"end":{"line":43,"column":74}},"locations":[{"start":{"line":42,"column":24},"end":{"line":43,"column":74}}]}},"b":{"0":[10],"1":[4],"2":[6],"3":[2]},"fnMap":{"0":{"name":"Inputs","decl":{"start":{"line":14,"column":15},"end":{"line":64,"column":2}},"loc":{"start":{"line":14,"column":15},"end":{"line":64,"column":2}},"line":14},"1":{"name":"onChange","decl":{"start":{"line":42,"column":24},"end":{"line":43,"column":74}},"loc":{"start":{"line":42,"column":24},"end":{"line":43,"column":74}},"line":42}},"f":{"0":10,"1":2}}
,"C:\\Users\\rmath\\Desktop\\The-Chaos-Interactive\\src\\components\\Line.tsx": {"path":"C:\\Users\\rmath\\Desktop\\The-Chaos-Interactive\\src\\components\\Line.tsx","all":false,"statementMap":{"0":{"start":{"line":1,"column":0},"end":{"line":1,"column":26}},"2":{"start":{"line":3,"column":0},"end":{"line":3,"column":36}},"8":{"start":{"line":9,"column":0},"end":{"line":9,"column":40}},"9":{"start":{"line":10,"column":0},"end":{"line":10,"column":10}},"10":{"start":{"line":11,"column":0},"end":{"line":11,"column":28}},"11":{"start":{"line":12,"column":0},"end":{"line":12,"column":35}},"12":{"start":{"line":13,"column":0},"end":{"line":13,"column":52}},"13":{"start":{"line":14,"column":0},"end":{"line":14,"column":42}},"14":{"start":{"line":15,"column":0},"end":{"line":15,"column":60}},"15":{"start":{"line":16,"column":0},"end":{"line":16,"column":14}},"16":{"start":{"line":17,"column":0},"end":{"line":17,"column":9}},"17":{"start":{"line":18,"column":0},"end":{"line":18,"column":10}},"19":{"start":{"line":20,"column":0},"end":{"line":20,"column":2}},"21":{"start":{"line":22,"column":0},"end":{"line":22,"column":20}}},"s":{"0":1,"2":1,"8":1,"9":9,"10":9,"11":9,"12":15,"13":15,"14":15,"15":15,"16":9,"17":9,"19":9,"21":1},"branchMap":{"0":{"type":"branch","line":9,"loc":{"start":{"line":9,"column":13},"end":{"line":20,"column":2}},"locations":[{"start":{"line":9,"column":13},"end":{"line":20,"column":2}}]},"1":{"type":"branch","line":12,"loc":{"start":{"line":12,"column":17},"end":{"line":16,"column":14}},"locations":[{"start":{"line":12,"column":17},"end":{"line":16,"column":14}}]},"2":{"type":"branch","line":15,"loc":{"start":{"line":15,"column":34},"end":{"line":15,"column":56}},"locations":[{"start":{"line":15,"column":34},"end":{"line":15,"column":56}}]},"3":{"type":"branch","line":15,"loc":{"start":{"line":15,"column":45},"end":{"line":15,"column":60}},"locations":[{"start":{"line":15,"column":45},"end":{"line":15,"column":60}}]}},"b":{"0":[9],"1":[15],"2":[7],"3":[6]},"fnMap":{"0":{"name":"Line","decl":{"start":{"line":9,"column":13},"end":{"line":20,"column":2}},"loc":{"start":{"line":9,"column":13},"end":{"line":20,"column":2}},"line":9}},"f":{"0":9}}
,"C:\\Users\\rmath\\Desktop\\The-Chaos-Interactive\\src\\components\\Navbar.tsx": {"path":"C:\\Users\\rmath\\Desktop\\The-Chaos-Interactive\\src\\components\\Navbar.tsx","all":false,"statementMap":{"0":{"start":{"line":1,"column":0},"end":{"line":1,"column":70}},"1":{"start":{"line":2,"column":0},"end":{"line":2,"column":45}},"2":{"start":{"line":3,"column":0},"end":{"line":3,"column":52}},"4":{"start":{"line":5,"column":0},"end":{"line":5,"column":22}},"5":{"start":{"line":6,"column":0},"end":{"line":6,"column":32}},"6":{"start":{"line":7,"column":0},"end":{"line":7,"column":10}},"7":{"start":{"line":8,"column":0},"end":{"line":8,"column":11}},"8":{"start":{"line":9,"column":0},"end":{"line":9,"column":23}},"9":{"start":{"line":10,"column":0},"end":{"line":10,"column":23}},"10":{"start":{"line":11,"column":0},"end":{"line":11,"column":23}},"11":{"start":{"line":12,"column":0},"end":{"line":12,"column":26}},"12":{"start":{"line":13,"column":0},"end":{"line":13,"column":29}},"13":{"start":{"line":14,"column":0},"end":{"line":14,"column":37}},"14":{"start":{"line":15,"column":0},"end":{"line":15,"column":29}},"15":{"start":{"line":16,"column":0},"end":{"line":16,"column":70}},"16":{"start":{"line":17,"column":0},"end":{"line":17,"column":36}},"17":{"start":{"line":18,"column":0},"end":{"line":18,"column":9}},"19":{"start":{"line":20,"column":0},"end":{"line":20,"column":17}},"20":{"start":{"line":21,"column":0},"end":{"line":21,"column":22}},"21":{"start":{"line":22,"column":0},"end":{"line":22,"column":13}},"22":{"start":{"line":23,"column":0},"end":{"line":23,"column":24}},"23":{"start":{"line":24,"column":0},"end":{"line":24,"column":26}},"24":{"start":{"line":25,"column":0},"end":{"line":25,"column":30}},"25":{"start":{"line":26,"column":0},"end":{"line":26,"column":49}},"26":{"start":{"line":27,"column":0},"end":{"line":27,"column":32}},"27":{"start":{"line":28,"column":0},"end":{"line":28,"column":10}},"28":{"start":{"line":29,"column":0},"end":{"line":29,"column":7}},"30":{"start":{"line":31,"column":0},"end":{"line":31,"column":19}},"31":{"start":{"line":32,"column":0},"end":{"line":32,"column":56}},"32":{"start":{"line":33,"column":0},"end":{"line":33,"column":13}},"33":{"start":{"line":34,"column":0},"end":{"line":34,"column":73}},"34":{"start":{"line":35,"column":0},"end":{"line":35,"column":25}},"35":{"start":{"line":36,"column":0},"end":{"line":36,"column":35}},"36":{"start":{"line":37,"column":0},"end":{"line":37,"column":29}},"38":{"start":{"line":39,"column":0},"end":{"line":39,"column":17}},"39":{"start":{"line":40,"column":0},"end":{"line":40,"column":30}},"40":{"start":{"line":41,"column":0},"end":{"line":41,"column":24}},"41":{"start":{"line":42,"column":0},"end":{"line":42,"column":17}},"42":{"start":{"line":43,"column":0},"end":{"line":43,"column":48}},"43":{"start":{"line":44,"column":0},"end":{"line":44,"column":28}},"44":{"start":{"line":45,"column":0},"end":{"line":45,"column":29}},"45":{"start":{"line":46,"column":0},"end":{"line":46,"column":36}},"46":{"start":{"line":47,"column":0},"end":{"line":47,"column":42}},"47":{"start":{"line":48,"column":0},"end":{"line":48,"column":34}},"48":{"start":{"line":49,"column":0},"end":{"line":49,"column":14}},"50":{"start":{"line":51,"column":0},"end":{"line":51,"column":26}},"51":{"start":{"line":52,"column":0},"end":{"line":52,"column":19}},"52":{"start":{"line":53,"column":0},"end":{"line":53,"column":15}},"53":{"start":{"line":54,"column":0},"end":{"line":54,"column":12}},"54":{"start":{"line":55,"column":0},"end":{"line":55,"column":13}},"56":{"start":{"line":57,"column":0},"end":{"line":57,"column":2}},"58":{"start":{"line":59,"column":0},"end":{"line":59,"column":22}}},"s":{"0":1,"1":1,"2":1,"4":1,"5":4,"6":4,"7":4,"8":4,"9":4,"10":4,"11":4,"12":4,"13":4,"14":4,"15":4,"16":4,"17":4,"19":4,"20":4,"21":4,"22":4,"23":4,"24":4,"25":4,"26":4,"27":4,"28":4,"30":4,"31":4,"32":4,"33":4,"34":4,"35":4,"36":4,"38":4,"39":4,"40":4,"41":4,"42":4,"43":4,"44":4,"45":4,"46":4,"47":4,"48":4,"50":4,"51":4,"52":4,"53":4,"54":4,"56":4,"58":1},"branchMap":{"0":{"type":"branch","line":5,"loc":{"start":{"line":5,"column":15},"end":{"line":57,"column":2}},"locations":[{"start":{"line":5,"column":15},"end":{"line":57,"column":2}}]},"1":{"type":"branch","line":10,"loc":{"start":{"line":10,"column":10},"end":{"line":18,"column":9}},"locations":[{"start":{"line":10,"column":10},"end":{"line":18,"column":9}}]}},"b":{"0":[4],"1":[4]},"fnMap":{"0":{"name":"Navbar","decl":{"start":{"line":5,"column":15},"end":{"line":57,"column":2}},"loc":{"start":{"line":5,"column":15},"end":{"line":57,"column":2}},"line":5},"1":{"name":"sx","decl":{"start":{"line":10,"column":10},"end":{"line":18,"column":9}},"loc":{"start":{"line":10,"column":10},"end":{"line":18,"column":9}},"line":10}},"f":{"0":4,"1":4}}
,"C:\\Users\\rmath\\Desktop\\The-Chaos-Interactive\\src\\components\\PoemDataSkeleton.tsx": {"path":"C:\\Users\\rmath\\Desktop\\The-Chaos-Interactive\\src\\components\\PoemDataSkeleton.tsx","all":false,"statementMap":{"0":{"start":{"line":1,"column":0},"end":{"line":1,"column":46}},"2":{"start":{"line":3,"column":0},"end":{"line":3,"column":32}},"3":{"start":{"line":4,"column":0},"end":{"line":4,"column":22}},"4":{"start":{"line":5,"column":0},"end":{"line":5,"column":78}},"5":{"start":{"line":6,"column":0},"end":{"line":6,"column":28}},"6":{"start":{"line":7,"column":0},"end":{"line":7,"column":4}},"7":{"start":{"line":8,"column":0},"end":{"line":8,"column":10}},"8":{"start":{"line":9,"column":0},"end":{"line":9,"column":42}},"9":{"start":{"line":10,"column":0},"end":{"line":10,"column":57}},"10":{"start":{"line":11,"column":0},"end":{"line":11,"column":50}},"11":{"start":{"line":12,"column":0},"end":{"line":12,"column":61}},"12":{"start":{"line":13,"column":0},"end":{"line":13,"column":72}},"13":{"start":{"line":14,"column":0},"end":{"line":14,"column":23}},"14":{"start":{"line":15,"column":0},"end":{"line":15,"column":27}},"15":{"start":{"line":16,"column":0},"end":{"line":16,"column":83}},"16":{"start":{"line":17,"column":0},"end":{"line":17,"column":21}},"17":{"start":{"line":18,"column":0},"end":{"line":18,"column":79}},"18":{"start":{"line":19,"column":0},"end":{"line":19,"column":18}},"19":{"start":{"line":20,"column":0},"end":{"line":20,"column":48}},"20":{"start":{"line":21,"column":0},"end":{"line":21,"column":16}},"21":{"start":{"line":22,"column":0},"end":{"line":22,"column":18}},"22":{"start":{"line":23,"column":0},"end":{"line":23,"column":13}},"23":{"start":{"line":24,"column":0},"end":{"line":24,"column":14}},"24":{"start":{"line":25,"column":0},"end":{"line":25,"column":9}},"25":{"start":{"line":26,"column":0},"end":{"line":26,"column":10}},"27":{"start":{"line":28,"column":0},"end":{"line":28,"column":2}},"29":{"start":{"line":30,"column":0},"end":{"line":30,"column":32}}},"s":{"0":1,"2":1,"3":2,"4":2,"5":2,"6":2,"7":2,"8":2,"9":2,"10":10,"11":10,"12":40,"13":40,"14":40,"15":40,"16":40,"17":40,"18":40,"19":40,"20":40,"21":40,"22":10,"23":10,"24":2,"25":2,"27":2,"29":1},"branchMap":{"0":{"type":"branch","line":3,"loc":{"start":{"line":3,"column":25},"end":{"line":28,"column":2}},"locations":[{"start":{"line":3,"column":25},"end":{"line":28,"column":2}}]},"1":{"type":"branch","line":10,"loc":{"start":{"line":10,"column":37},"end":{"line":24,"column":14}},"locations":[{"start":{"line":10,"column":37},"end":{"line":24,"column":14}}]},"2":{"type":"branch","line":12,"loc":{"start":{"line":12,"column":41},"end":{"line":22,"column":18}},"locations":[{"start":{"line":12,"column":41},"end":{"line":22,"column":18}}]},"3":{"type":"branch","line":18,"loc":{"start":{"line":18,"column":37},"end":{"line":18,"column":61}},"locations":[{"start":{"line":18,"column":37},"end":{"line":18,"column":61}}]},"4":{"type":"branch","line":18,"loc":{"start":{"line":18,"column":57},"end":{"line":18,"column":69}},"locations":[{"start":{"line":18,"column":57},"end":{"line":18,"column":69}}]},"5":{"type":"branch","line":18,"loc":{"start":{"line":18,"column":61},"end":{"line":18,"column":79}},"locations":[{"start":{"line":18,"column":61},"end":{"line":18,"column":79}}]}},"b":{"0":[2],"1":[10],"2":[40],"3":[30],"4":[20],"5":[20]},"fnMap":{"0":{"name":"PoemDataSkeleton","decl":{"start":{"line":3,"column":25},"end":{"line":28,"column":2}},"loc":{"start":{"line":3,"column":25},"end":{"line":28,"column":2}},"line":3}},"f":{"0":2}}
,"C:\\Users\\rmath\\Desktop\\The-Chaos-Interactive\\src\\components\\Stanza.tsx": {"path":"C:\\Users\\rmath\\Desktop\\The-Chaos-Interactive\\src\\components\\Stanza.tsx","all":false,"statementMap":{"0":{"start":{"line":1,"column":0},"end":{"line":1,"column":36}},"1":{"start":{"line":2,"column":0},"end":{"line":2,"column":26}},"8":{"start":{"line":9,"column":0},"end":{"line":9,"column":44}},"9":{"start":{"line":10,"column":0},"end":{"line":10,"column":10}},"10":{"start":{"line":11,"column":0},"end":{"line":11,"column":50}},"11":{"start":{"line":12,"column":0},"end":{"line":12,"column":35}},"12":{"start":{"line":13,"column":0},"end":{"line":13,"column":12}},"13":{"start":{"line":14,"column":0},"end":{"line":14,"column":21}},"14":{"start":{"line":15,"column":0},"end":{"line":15,"column":15}},"15":{"start":{"line":16,"column":0},"end":{"line":16,"column":25}},"16":{"start":{"line":17,"column":0},"end":{"line":17,"column":63}},"17":{"start":{"line":18,"column":0},"end":{"line":18,"column":12}},"19":{"start":{"line":20,"column":0},"end":{"line":20,"column":37}},"20":{"start":{"line":21,"column":0},"end":{"line":21,"column":14}},"21":{"start":{"line":22,"column":0},"end":{"line":22,"column":9}},"22":{"start":{"line":23,"column":0},"end":{"line":23,"column":10}},"24":{"start":{"line":25,"column":0},"end":{"line":25,"column":2}},"26":{"start":{"line":27,"column":0},"end":{"line":27,"column":22}}},"s":{"0":1,"1":1,"8":1,"9":4,"10":4,"11":4,"12":9,"13":9,"14":9,"15":9,"16":9,"17":9,"19":9,"20":9,"21":4,"22":4,"24":4,"26":1},"branchMap":{"0":{"type":"branch","line":9,"loc":{"start":{"line":9,"column":15},"end":{"line":25,"column":2}},"locations":[{"start":{"line":9,"column":15},"end":{"line":25,"column":2}}]},"1":{"type":"branch","line":12,"loc":{"start":{"line":12,"column":17},"end":{"line":21,"column":14}},"locations":[{"start":{"line":12,"column":17},"end":{"line":21,"column":14}}]},"2":{"type":"branch","line":17,"loc":{"start":{"line":17,"column":26},"end":{"line":17,"column":45}},"locations":[{"start":{"line":17,"column":26},"end":{"line":17,"column":45}}]},"3":{"type":"branch","line":17,"loc":{"start":{"line":17,"column":41},"end":{"line":17,"column":53}},"locations":[{"start":{"line":17,"column":41},"end":{"line":17,"column":53}}]},"4":{"type":"branch","line":17,"loc":{"start":{"line":17,"column":45},"end":{"line":17,"column":63}},"locations":[{"start":{"line":17,"column":45},"end":{"line":17,"column":63}}]}},"b":{"0":[4],"1":[9],"2":[7],"3":[4],"4":[5]},"fnMap":{"0":{"name":"Stanza","decl":{"start":{"line":9,"column":15},"end":{"line":25,"column":2}},"loc":{"start":{"line":9,"column":15},"end":{"line":25,"column":2}},"line":9}},"f":{"0":4}}
,"C:\\Users\\rmath\\Desktop\\The-Chaos-Interactive\\src\\components\\VoiceSelect.tsx": {"path":"C:\\Users\\rmath\\Desktop\\The-Chaos-Interactive\\src\\components\\VoiceSelect.tsx","all":false,"statementMap":{"0":{"start":{"line":1,"column":0},"end":{"line":1,"column":8}},"9":{"start":{"line":10,"column":0},"end":{"line":10,"column":44}},"10":{"start":{"line":11,"column":0},"end":{"line":11,"column":55}},"12":{"start":{"line":13,"column":0},"end":{"line":13,"column":27}},"13":{"start":{"line":14,"column":0},"end":{"line":14,"column":62}},"14":{"start":{"line":15,"column":0},"end":{"line":15,"column":71}},"15":{"start":{"line":16,"column":0},"end":{"line":16,"column":35}},"16":{"start":{"line":17,"column":0},"end":{"line":17,"column":79}},"17":{"start":{"line":18,"column":0},"end":{"line":18,"column":72}},"19":{"start":{"line":20,"column":0},"end":{"line":20,"column":48}},"24":{"start":{"line":25,"column":0},"end":{"line":25,"column":54}},"29":{"start":{"line":30,"column":0},"end":{"line":30,"column":19}},"30":{"start":{"line":31,"column":0},"end":{"line":31,"column":41}},"32":{"start":{"line":33,"column":0},"end":{"line":33,"column":30}},"33":{"start":{"line":34,"column":0},"end":{"line":34,"column":48}},"34":{"start":{"line":35,"column":0},"end":{"line":35,"column":39}},"36":{"start":{"line":37,"column":0},"end":{"line":37,"column":57}},"37":{"start":{"line":38,"column":0},"end":{"line":38,"column":58}},"38":{"start":{"line":39,"column":0},"end":{"line":39,"column":20}},"39":{"start":{"line":40,"column":0},"end":{"line":40,"column":46}},"40":{"start":{"line":41,"column":0},"end":{"line":41,"column":10}},"42":{"start":{"line":43,"column":0},"end":{"line":43,"column":36}},"43":{"start":{"line":44,"column":0},"end":{"line":44,"column":64}},"44":{"start":{"line":45,"column":0},"end":{"line":45,"column":9}},"46":{"start":{"line":47,"column":0},"end":{"line":47,"column":75}},"48":{"start":{"line":49,"column":0},"end":{"line":49,"column":69}},"49":{"start":{"line":50,"column":0},"end":{"line":50,"column":7}},"50":{"start":{"line":51,"column":0},"end":{"line":51,"column":6}},"52":{"start":{"line":53,"column":0},"end":{"line":53,"column":17}},"54":{"start":{"line":55,"column":0},"end":{"line":55,"column":37}},"55":{"start":{"line":56,"column":0},"end":{"line":56,"column":41}},"56":{"start":{"line":57,"column":0},"end":{"line":57,"column":6}},"57":{"start":{"line":58,"column":0},"end":{"line":58,"column":6}},"58":{"start":{"line":59,"column":0},"end":{"line":59,"column":18}},"59":{"start":{"line":60,"column":0},"end":{"line":60,"column":21}},"60":{"start":{"line":61,"column":0},"end":{"line":61,"column":20}},"61":{"start":{"line":62,"column":0},"end":{"line":62,"column":41}},"62":{"start":{"line":63,"column":0},"end":{"line":63,"column":5}},"64":{"start":{"line":65,"column":0},"end":{"line":65,"column":59}},"65":{"start":{"line":66,"column":0},"end":{"line":66,"column":39}},"66":{"start":{"line":67,"column":0},"end":{"line":67,"column":51}},"67":{"start":{"line":68,"column":0},"end":{"line":68,"column":6}},"68":{"start":{"line":69,"column":0},"end":{"line":69,"column":19}},"69":{"start":{"line":70,"column":0},"end":{"line":70,"column":33}},"70":{"start":{"line":71,"column":0},"end":{"line":71,"column":39}},"71":{"start":{"line":72,"column":0},"end":{"line":72,"column":46}},"73":{"start":{"line":74,"column":0},"end":{"line":74,"column":39}},"74":{"start":{"line":75,"column":0},"end":{"line":75,"column":68}},"75":{"start":{"line":76,"column":0},"end":{"line":76,"column":7}},"77":{"start":{"line":78,"column":0},"end":{"line":78,"column":64}},"78":{"start":{"line":79,"column":0},"end":{"line":79,"column":5}},"79":{"start":{"line":80,"column":0},"end":{"line":80,"column":4}},"81":{"start":{"line":82,"column":0},"end":{"line":82,"column":10}},"82":{"start":{"line":83,"column":0},"end":{"line":83,"column":46}},"83":{"start":{"line":84,"column":0},"end":{"line":84,"column":29}},"84":{"start":{"line":85,"column":0},"end":{"line":85,"column":62}},"85":{"start":{"line":86,"column":0},"end":{"line":86,"column":15}},"86":{"start":{"line":87,"column":0},"end":{"line":87,"column":38}},"87":{"start":{"line":88,"column":0},"end":{"line":88,"column":23}},"88":{"start":{"line":89,"column":0},"end":{"line":89,"column":57}},"89":{"start":{"line":90,"column":0},"end":{"line":90,"column":38}},"90":{"start":{"line":91,"column":0},"end":{"line":91,"column":22}},"91":{"start":{"line":92,"column":0},"end":{"line":92,"column":36}},"92":{"start":{"line":93,"column":0},"end":{"line":93,"column":12}},"94":{"start":{"line":95,"column":0},"end":{"line":95,"column":38}},"95":{"start":{"line":96,"column":0},"end":{"line":96,"column":47}},"96":{"start":{"line":97,"column":0},"end":{"line":97,"column":72}},"97":{"start":{"line":98,"column":0},"end":{"line":98,"column":34}},"98":{"start":{"line":99,"column":0},"end":{"line":99,"column":25}},"99":{"start":{"line":100,"column":0},"end":{"line":100,"column":14}},"101":{"start":{"line":102,"column":0},"end":{"line":102,"column":61}},"103":{"start":{"line":104,"column":0},"end":{"line":104,"column":17}},"104":{"start":{"line":105,"column":0},"end":{"line":105,"column":20}},"106":{"start":{"line":107,"column":0},"end":{"line":107,"column":40}},"107":{"start":{"line":108,"column":0},"end":{"line":108,"column":14}},"108":{"start":{"line":109,"column":0},"end":{"line":109,"column":28}},"109":{"start":{"line":110,"column":0},"end":{"line":110,"column":58}},"110":{"start":{"line":111,"column":0},"end":{"line":111,"column":37}},"112":{"start":{"line":113,"column":0},"end":{"line":113,"column":24}},"113":{"start":{"line":114,"column":0},"end":{"line":114,"column":16}},"115":{"start":{"line":116,"column":0},"end":{"line":116,"column":10}},"117":{"start":{"line":118,"column":0},"end":{"line":118,"column":2}},"119":{"start":{"line":120,"column":0},"end":{"line":120,"column":27}}},"s":{"0":1,"9":1,"10":1,"12":1,"13":23,"14":23,"15":23,"16":23,"17":23,"19":23,"24":23,"29":23,"30":14,"32":14,"33":14,"34":14,"36":14,"37":5,"38":5,"39":5,"40":5,"42":5,"43":1,"44":1,"46":5,"48":5,"49":5,"50":14,"52":14,"54":14,"55":14,"56":14,"57":23,"58":23,"59":23,"60":23,"61":23,"62":23,"64":23,"65":2,"66":2,"67":2,"68":2,"69":2,"70":2,"71":2,"73":2,"74":2,"75":2,"77":2,"78":2,"79":2,"81":23,"82":23,"83":23,"84":23,"85":23,"86":23,"87":23,"88":23,"89":23,"90":23,"91":23,"92":23,"94":23,"95":14,"96":26,"97":26,"98":26,"99":14,"101":9,"103":23,"104":23,"106":23,"107":15,"108":15,"109":15,"110":15,"112":15,"113":15,"115":23,"117":23,"119":1},"branchMap":{"0":{"type":"branch","line":13,"loc":{"start":{"line":13,"column":20},"end":{"line":118,"column":2}},"locations":[{"start":{"line":13,"column":20},"end":{"line":118,"column":2}}]},"1":{"type":"branch","line":89,"loc":{"start":{"line":89,"column":17},"end":{"line":89,"column":54}},"locations":[{"start":{"line":89,"column":17},"end":{"line":89,"column":54}}]},"2":{"type":"branch","line":89,"loc":{"start":{"line":89,"column":47},"end":{"line":89,"column":57}},"locations":[{"start":{"line":89,"column":47},"end":{"line":89,"column":57}}]},"3":{"type":"branch","line":95,"loc":{"start":{"line":95,"column":33},"end":{"line":100,"column":14}},"locations":[{"start":{"line":95,"column":33},"end":{"line":100,"column":14}}]},"4":{"type":"branch","line":100,"loc":{"start":{"line":100,"column":13},"end":{"line":102,"column":61}},"locations":[{"start":{"line":100,"column":13},"end":{"line":102,"column":61}}]},"5":{"type":"branch","line":107,"loc":{"start":{"line":107,"column":8},"end":{"line":114,"column":16}},"locations":[{"start":{"line":107,"column":8},"end":{"line":114,"column":16}}]},"6":{"type":"branch","line":30,"loc":{"start":{"line":30,"column":12},"end":{"line":58,"column":5}},"locations":[{"start":{"line":30,"column":12},"end":{"line":58,"column":5}}]},"7":{"type":"branch","line":33,"loc":{"start":{"line":33,"column":23},"end":{"line":51,"column":6}},"locations":[{"start":{"line":33,"column":23},"end":{"line":51,"column":6}}]},"8":{"type":"branch","line":37,"loc":{"start":{"line":37,"column":11},"end":{"line":37,"column":56}},"locations":[{"start":{"line":37,"column":11},"end":{"line":37,"column":56}}]},"9":{"type":"branch","line":37,"loc":{"start":{"line":37,"column":56},"end":{"line":50,"column":7}},"locations":[{"start":{"line":37,"column":56},"end":{"line":50,"column":7}}]},"10":{"type":"branch","line":43,"loc":{"start":{"line":43,"column":35},"end":{"line":45,"column":9}},"locations":[{"start":{"line":43,"column":35},"end":{"line":45,"column":9}}]},"11":{"type":"branch","line":49,"loc":{"start":{"line":49,"column":25},"end":{"line":49,"column":67}},"locations":[{"start":{"line":49,"column":25},"end":{"line":49,"column":67}}]},"12":{"type":"branch","line":39,"loc":{"start":{"line":39,"column":10},"end":{"line":40,"column":46}},"locations":[{"start":{"line":39,"column":10},"end":{"line":40,"column":46}}]},"13":{"type":"branch","line":65,"loc":{"start":{"line":65,"column":28},"end":{"line":80,"column":4}},"locations":[{"start":{"line":65,"column":28},"end":{"line":80,"column":4}}]},"14":{"type":"branch","line":67,"loc":{"start":{"line":67,"column":6},"end":{"line":67,"column":51}},"locations":[{"start":{"line":67,"column":6},"end":{"line":67,"column":51}}]},"15":{"type":"branch","line":96,"loc":{"start":{"line":96,"column":29},"end":{"line":99,"column":25}},"locations":[{"start":{"line":96,"column":29},"end":{"line":99,"column":25}}]}},"b":{"0":[23],"1":[14],"2":[9],"3":[14],"4":[9],"5":[15],"6":[14],"7":[14],"8":[7],"9":[5],"10":[1],"11":[1],"12":[5],"13":[2],"14":[4],"15":[26]},"fnMap":{"0":{"name":"VoiceSelect","decl":{"start":{"line":13,"column":20},"end":{"line":118,"column":2}},"loc":{"start":{"line":13,"column":20},"end":{"line":118,"column":2}},"line":13},"1":{"name":"loadVoices","decl":{"start":{"line":33,"column":23},"end":{"line":51,"column":6}},"loc":{"start":{"line":33,"column":23},"end":{"line":51,"column":6}},"line":33},"2":{"name":"handleVoiceChange","decl":{"start":{"line":65,"column":28},"end":{"line":80,"column":4}},"loc":{"start":{"line":65,"column":28},"end":{"line":80,"column":4}},"line":65}},"f":{"0":23,"1":14,"2":2}}
,"C:\\Users\\rmath\\Desktop\\The-Chaos-Interactive\\src\\components\\Word.tsx": {"path":"C:\\Users\\rmath\\Desktop\\The-Chaos-Interactive\\src\\components\\Word.tsx","all":false,"statementMap":{"1":{"start":{"line":2,"column":0},"end":{"line":2,"column":57}},"2":{"start":{"line":3,"column":0},"end":{"line":3,"column":54}},"3":{"start":{"line":4,"column":0},"end":{"line":4,"column":55}},"9":{"start":{"line":10,"column":0},"end":{"line":10,"column":39}},"10":{"start":{"line":11,"column":0},"end":{"line":11,"column":44}},"11":{"start":{"line":12,"column":0},"end":{"line":12,"column":39}},"13":{"start":{"line":14,"column":0},"end":{"line":14,"column":52}},"14":{"start":{"line":15,"column":0},"end":{"line":15,"column":27}},"16":{"start":{"line":17,"column":0},"end":{"line":17,"column":31}},"17":{"start":{"line":18,"column":0},"end":{"line":18,"column":55}},"18":{"start":{"line":19,"column":0},"end":{"line":19,"column":43}},"19":{"start":{"line":20,"column":0},"end":{"line":20,"column":8}},"20":{"start":{"line":21,"column":0},"end":{"line":21,"column":40}},"21":{"start":{"line":22,"column":0},"end":{"line":22,"column":31}},"22":{"start":{"line":23,"column":0},"end":{"line":23,"column":5}},"23":{"start":{"line":24,"column":0},"end":{"line":24,"column":4}},"25":{"start":{"line":26,"column":0},"end":{"line":26,"column":10}},"26":{"start":{"line":27,"column":0},"end":{"line":27,"column":55}},"27":{"start":{"line":28,"column":0},"end":{"line":28,"column":35}},"28":{"start":{"line":29,"column":0},"end":{"line":29,"column":47}},"29":{"start":{"line":30,"column":0},"end":{"line":30,"column":35}},"30":{"start":{"line":31,"column":0},"end":{"line":31,"column":21}},"32":{"start":{"line":33,"column":0},"end":{"line":33,"column":31}},"33":{"start":{"line":34,"column":0},"end":{"line":34,"column":16}},"34":{"start":{"line":35,"column":0},"end":{"line":35,"column":52}},"35":{"start":{"line":36,"column":0},"end":{"line":36,"column":15}},"36":{"start":{"line":37,"column":0},"end":{"line":37,"column":25}},"37":{"start":{"line":38,"column":0},"end":{"line":38,"column":36}},"38":{"start":{"line":39,"column":0},"end":{"line":39,"column":22}},"39":{"start":{"line":40,"column":0},"end":{"line":40,"column":22}},"40":{"start":{"line":41,"column":0},"end":{"line":41,"column":59}},"41":{"start":{"line":42,"column":0},"end":{"line":42,"column":33}},"42":{"start":{"line":43,"column":0},"end":{"line":43,"column":58}},"43":{"start":{"line":44,"column":0},"end":{"line":44,"column":33}},"44":{"start":{"line":45,"column":0},"end":{"line":45,"column":18}},"45":{"start":{"line":46,"column":0},"end":{"line":46,"column":14}},"46":{"start":{"line":47,"column":0},"end":{"line":47,"column":21}},"47":{"start":{"line":48,"column":0},"end":{"line":48,"column":59}},"48":{"start":{"line":49,"column":0},"end":{"line":49,"column":40}},"49":{"start":{"line":50,"column":0},"end":{"line":50,"column":35}},"50":{"start":{"line":51,"column":0},"end":{"line":51,"column":17}},"51":{"start":{"line":52,"column":0},"end":{"line":52,"column":58}},"52":{"start":{"line":53,"column":0},"end":{"line":53,"column":40}},"53":{"start":{"line":54,"column":0},"end":{"line":54,"column":35}},"54":{"start":{"line":55,"column":0},"end":{"line":55,"column":17}},"55":{"start":{"line":56,"column":0},"end":{"line":56,"column":18}},"56":{"start":{"line":57,"column":0},"end":{"line":57,"column":14}},"57":{"start":{"line":58,"column":0},"end":{"line":58,"column":12}},"59":{"start":{"line":60,"column":0},"end":{"line":60,"column":21}},"60":{"start":{"line":61,"column":0},"end":{"line":61,"column":28}},"61":{"start":{"line":62,"column":0},"end":{"line":62,"column":24}},"62":{"start":{"line":63,"column":0},"end":{"line":63,"column":73}},"63":{"start":{"line":64,"column":0},"end":{"line":64,"column":68}},"64":{"start":{"line":65,"column":0},"end":{"line":65,"column":21}},"65":{"start":{"line":66,"column":0},"end":{"line":66,"column":17}},"66":{"start":{"line":67,"column":0},"end":{"line":67,"column":38}},"67":{"start":{"line":68,"column":0},"end":{"line":68,"column":36}},"68":{"start":{"line":69,"column":0},"end":{"line":69,"column":33}},"69":{"start":{"line":70,"column":0},"end":{"line":70,"column":32}},"70":{"start":{"line":71,"column":0},"end":{"line":71,"column":70}},"71":{"start":{"line":72,"column":0},"end":{"line":72,"column":26}},"72":{"start":{"line":73,"column":0},"end":{"line":73,"column":38}},"73":{"start":{"line":74,"column":0},"end":{"line":74,"column":44}},"74":{"start":{"line":75,"column":0},"end":{"line":75,"column":16}},"75":{"start":{"line":76,"column":0},"end":{"line":76,"column":51}},"76":{"start":{"line":77,"column":0},"end":{"line":77,"column":38}},"77":{"start":{"line":78,"column":0},"end":{"line":78,"column":28}},"78":{"start":{"line":79,"column":0},"end":{"line":79,"column":14}},"79":{"start":{"line":80,"column":0},"end":{"line":80,"column":33}},"81":{"start":{"line":82,"column":0},"end":{"line":82,"column":23}},"82":{"start":{"line":83,"column":0},"end":{"line":83,"column":23}},"83":{"start":{"line":84,"column":0},"end":{"line":84,"column":18}},"85":{"start":{"line":86,"column":0},"end":{"line":86,"column":19}},"86":{"start":{"line":87,"column":0},"end":{"line":87,"column":26}},"87":{"start":{"line":88,"column":0},"end":{"line":88,"column":73}},"88":{"start":{"line":89,"column":0},"end":{"line":89,"column":15}},"89":{"start":{"line":90,"column":0},"end":{"line":90,"column":30}},"90":{"start":{"line":91,"column":0},"end":{"line":91,"column":68}},"91":{"start":{"line":92,"column":0},"end":{"line":92,"column":12}},"92":{"start":{"line":93,"column":0},"end":{"line":93,"column":31}},"94":{"start":{"line":95,"column":0},"end":{"line":95,"column":21}},"95":{"start":{"line":96,"column":0},"end":{"line":96,"column":21}},"97":{"start":{"line":98,"column":0},"end":{"line":98,"column":36}},"98":{"start":{"line":99,"column":0},"end":{"line":99,"column":47}},"99":{"start":{"line":100,"column":0},"end":{"line":100,"column":36}},"100":{"start":{"line":101,"column":0},"end":{"line":101,"column":21}},"102":{"start":{"line":103,"column":0},"end":{"line":103,"column":10}},"104":{"start":{"line":105,"column":0},"end":{"line":105,"column":2}},"106":{"start":{"line":107,"column":0},"end":{"line":107,"column":20}}},"s":{"1":1,"2":1,"3":1,"9":1,"10":13,"11":13,"13":13,"14":3,"16":3,"17":2,"18":2,"19":2,"20":2,"21":2,"22":2,"23":3,"25":13,"26":13,"27":13,"28":1,"29":1,"30":1,"32":13,"33":7,"34":7,"35":7,"36":7,"37":7,"38":7,"39":7,"40":7,"41":0,"42":7,"43":0,"44":7,"45":7,"46":7,"47":7,"48":14,"49":14,"50":14,"51":7,"52":14,"53":14,"54":14,"55":7,"56":7,"57":7,"59":7,"60":7,"61":7,"62":7,"63":7,"64":7,"65":7,"66":7,"67":7,"68":7,"69":7,"70":7,"71":7,"72":7,"73":7,"74":7,"75":7,"76":1,"77":6,"78":7,"79":7,"81":7,"82":7,"83":7,"85":6,"86":6,"87":6,"88":6,"89":6,"90":6,"91":6,"92":6,"94":6,"95":6,"97":13,"98":1,"99":1,"100":1,"102":13,"104":13,"106":1},"branchMap":{"0":{"type":"branch","line":10,"loc":{"start":{"line":10,"column":13},"end":{"line":105,"column":2}},"locations":[{"start":{"line":10,"column":13},"end":{"line":105,"column":2}}]},"1":{"type":"branch","line":28,"loc":{"start":{"line":28,"column":12},"end":{"line":31,"column":21}},"locations":[{"start":{"line":28,"column":12},"end":{"line":31,"column":21}}]},"2":{"type":"branch","line":33,"loc":{"start":{"line":33,"column":12},"end":{"line":84,"column":18}},"locations":[{"start":{"line":33,"column":12},"end":{"line":84,"column":18}}]},"3":{"type":"branch","line":63,"loc":{"start":{"line":63,"column":21},"end":{"line":63,"column":70}},"locations":[{"start":{"line":63,"column":21},"end":{"line":63,"column":70}}]},"4":{"type":"branch","line":63,"loc":{"start":{"line":63,"column":42},"end":{"line":63,"column":72}},"locations":[{"start":{"line":63,"column":42},"end":{"line":63,"column":72}}]},"5":{"type":"branch","line":64,"loc":{"start":{"line":64,"column":21},"end":{"line":64,"column":65}},"locations":[{"start":{"line":64,"column":21},"end":{"line":64,"column":65}}]},"6":{"type":"branch","line":64,"loc":{"start":{"line":64,"column":40},"end":{"line":64,"column":67}},"locations":[{"start":{"line":64,"column":40},"end":{"line":64,"column":67}}]},"7":{"type":"branch","line":71,"loc":{"start":{"line":71,"column":30},"end":{"line":71,"column":60}},"locations":[{"start":{"line":71,"column":30},"end":{"line":71,"column":60}}]},"8":{"type":"branch","line":71,"loc":{"start":{"line":71,"column":49},"end":{"line":71,"column":70}},"locations":[{"start":{"line":71,"column":49},"end":{"line":71,"column":70}}]},"9":{"type":"branch","line":76,"loc":{"start":{"line":76,"column":33},"end":{"line":77,"column":38}},"locations":[{"start":{"line":76,"column":33},"end":{"line":77,"column":38}}]},"10":{"type":"branch","line":77,"loc":{"start":{"line":77,"column":18},"end":{"line":78,"column":28}},"locations":[{"start":{"line":77,"column":18},"end":{"line":78,"column":28}}]},"11":{"type":"branch","line":84,"loc":{"start":{"line":84,"column":8},"end":{"line":96,"column":21}},"locations":[{"start":{"line":84,"column":8},"end":{"line":96,"column":21}}]},"12":{"type":"branch","line":88,"loc":{"start":{"line":88,"column":26},"end":{"line":88,"column":70}},"locations":[{"start":{"line":88,"column":26},"end":{"line":88,"column":70}}]},"13":{"type":"branch","line":88,"loc":{"start":{"line":88,"column":45},"end":{"line":88,"column":73}},"locations":[{"start":{"line":88,"column":45},"end":{"line":88,"column":73}}]},"14":{"type":"branch","line":91,"loc":{"start":{"line":91,"column":28},"end":{"line":91,"column":58}},"locations":[{"start":{"line":91,"column":28},"end":{"line":91,"column":58}}]},"15":{"type":"branch","line":91,"loc":{"start":{"line":91,"column":47},"end":{"line":91,"column":68}},"locations":[{"start":{"line":91,"column":47},"end":{"line":91,"column":68}}]},"16":{"type":"branch","line":98,"loc":{"start":{"line":98,"column":12},"end":{"line":101,"column":21}},"locations":[{"start":{"line":98,"column":12},"end":{"line":101,"column":21}}]},"17":{"type":"branch","line":14,"loc":{"start":{"line":14,"column":22},"end":{"line":24,"column":4}},"locations":[{"start":{"line":14,"column":22},"end":{"line":24,"column":4}}]},"18":{"type":"branch","line":17,"loc":{"start":{"line":17,"column":30},"end":{"line":23,"column":5}},"locations":[{"start":{"line":17,"column":30},"end":{"line":23,"column":5}}]},"19":{"type":"branch","line":19,"loc":{"start":{"line":19,"column":13},"end":{"line":19,"column":43}},"locations":[{"start":{"line":19,"column":13},"end":{"line":19,"column":43}}]},"20":{"type":"branch","line":48,"loc":{"start":{"line":48,"column":19},"end":{"line":52,"column":19}},"locations":[{"start":{"line":48,"column":19},"end":{"line":52,"column":19}}]},"21":{"type":"branch","line":52,"loc":{"start":{"line":52,"column":19},"end":{"line":56,"column":17}},"locations":[{"start":{"line":52,"column":19},"end":{"line":56,"column":17}}]}},"b":{"0":[13],"1":[1],"2":[7],"3":[1],"4":[6],"5":[1],"6":[6],"7":[1],"8":[6],"9":[1],"10":[6],"11":[6],"12":[1],"13":[5],"14":[1],"15":[5],"16":[1],"17":[3],"18":[2],"19":[1],"20":[14],"21":[14]},"fnMap":{"0":{"name":"Word","decl":{"start":{"line":10,"column":13},"end":{"line":105,"column":2}},"loc":{"start":{"line":10,"column":13},"end":{"line":105,"column":2}},"line":10},"1":{"name":"onWordClick","decl":{"start":{"line":14,"column":22},"end":{"line":24,"column":4}},"loc":{"start":{"line":14,"column":22},"end":{"line":24,"column":4}},"line":14},"2":{"name":"Word.children.word.shouldPronounce.slotProps.tooltip.sx.theme.applyStyles.color","decl":{"start":{"line":41,"column":19},"end":{"line":43,"column":19}},"loc":{"start":{"line":41,"column":19},"end":{"line":43,"column":19}},"line":41},"3":{"name":"Word.children.word.shouldPronounce.slotProps.tooltip.sx","decl":{"start":{"line":43,"column":19},"end":{"line":45,"column":17}},"loc":{"start":{"line":43,"column":19},"end":{"line":45,"column":17}},"line":43},"4":{"name":"Word.children.word.shouldPronounce.slotProps.popper.sx.theme.applyStyles.& .MuiTooltip-arrow.color","decl":{"start":{"line":48,"column":19},"end":{"line":52,"column":19}},"loc":{"start":{"line":48,"column":19},"end":{"line":52,"column":19}},"line":48},"5":{"name":"Word.children.word.shouldPronounce.slotProps.popper.sx","decl":{"start":{"line":52,"column":19},"end":{"line":56,"column":17}},"loc":{"start":{"line":52,"column":19},"end":{"line":56,"column":17}},"line":52}},"f":{"0":13,"1":3,"2":0,"3":0,"4":14,"5":14}}
,"C:\\Users\\rmath\\Desktop\\The-Chaos-Interactive\\src\\components\\WordTooltipContent.tsx": {"path":"C:\\Users\\rmath\\Desktop\\The-Chaos-Interactive\\src\\components\\WordTooltipContent.tsx","all":false,"statementMap":{"0":{"start":{"line":1,"column":0},"end":{"line":1,"column":62}},"1":{"start":{"line":2,"column":0},"end":{"line":2,"column":56}},"8":{"start":{"line":9,"column":0},"end":{"line":9,"column":67}},"9":{"start":{"line":10,"column":0},"end":{"line":10,"column":10}},"10":{"start":{"line":11,"column":0},"end":{"line":11,"column":44}},"11":{"start":{"line":12,"column":0},"end":{"line":12,"column":35}},"12":{"start":{"line":13,"column":0},"end":{"line":13,"column":72}},"13":{"start":{"line":14,"column":0},"end":{"line":14,"column":35}},"14":{"start":{"line":15,"column":0},"end":{"line":15,"column":21}},"16":{"start":{"line":17,"column":0},"end":{"line":17,"column":11}},"17":{"start":{"line":18,"column":0},"end":{"line":18,"column":117}},"18":{"start":{"line":19,"column":0},"end":{"line":19,"column":23}},"19":{"start":{"line":20,"column":0},"end":{"line":20,"column":33}},"21":{"start":{"line":22,"column":0},"end":{"line":22,"column":57}},"23":{"start":{"line":24,"column":0},"end":{"line":24,"column":17}},"24":{"start":{"line":25,"column":0},"end":{"line":25,"column":13}},"25":{"start":{"line":26,"column":0},"end":{"line":26,"column":10}},"27":{"start":{"line":28,"column":0},"end":{"line":28,"column":2}},"29":{"start":{"line":30,"column":0},"end":{"line":30,"column":34}}},"s":{"0":1,"1":1,"8":1,"9":6,"10":6,"11":6,"12":1,"13":1,"14":1,"16":6,"17":6,"18":6,"19":6,"21":6,"23":6,"24":6,"25":6,"27":6,"29":1},"branchMap":{"0":{"type":"branch","line":9,"loc":{"start":{"line":9,"column":27},"end":{"line":28,"column":2}},"locations":[{"start":{"line":9,"column":27},"end":{"line":28,"column":2}}]},"1":{"type":"branch","line":12,"loc":{"start":{"line":12,"column":12},"end":{"line":15,"column":21}},"locations":[{"start":{"line":12,"column":12},"end":{"line":15,"column":21}}]},"2":{"type":"branch","line":18,"loc":{"start":{"line":18,"column":84},"end":{"line":18,"column":113}},"locations":[{"start":{"line":18,"column":84},"end":{"line":18,"column":113}}]}},"b":{"0":[6],"1":[1],"2":[5]},"fnMap":{"0":{"name":"WordTooltipContent","decl":{"start":{"line":9,"column":27},"end":{"line":28,"column":2}},"loc":{"start":{"line":9,"column":27},"end":{"line":28,"column":2}},"line":9}},"f":{"0":6}}
,"C:\\Users\\rmath\\Desktop\\The-Chaos-Interactive\\src\\hooks\\useVoiceStore.ts": {"path":"C:\\Users\\rmath\\Desktop\\The-Chaos-Interactive\\src\\hooks\\useVoiceStore.ts","all":false,"statementMap":{"0":{"start":{"line":1,"column":0},"end":{"line":1,"column":33}},"7":{"start":{"line":8,"column":0},"end":{"line":8,"column":59}},"8":{"start":{"line":9,"column":0},"end":{"line":9,"column":22}},"9":{"start":{"line":10,"column":0},"end":{"line":10,"column":61}},"10":{"start":{"line":11,"column":0},"end":{"line":11,"column":4}}},"s":{"0":1,"7":1,"8":2,"9":2,"10":1},"branchMap":{"0":{"type":"branch","line":8,"loc":{"start":{"line":8,"column":48},"end":{"line":11,"column":2}},"locations":[{"start":{"line":8,"column":48},"end":{"line":11,"column":2}}]},"1":{"type":"branch","line":10,"loc":{"start":{"line":10,"column":20},"end":{"line":10,"column":61}},"locations":[{"start":{"line":10,"column":20},"end":{"line":10,"column":61}}]}},"b":{"0":[2],"1":[19]},"fnMap":{"0":{"name":"setSelectedVoice","decl":{"start":{"line":10,"column":20},"end":{"line":10,"column":61}},"loc":{"start":{"line":10,"column":20},"end":{"line":10,"column":61}},"line":10}},"f":{"0":19}}
}
